INFO:    Converting SIF file to temporary sandbox...
WARNING: underlay of /etc/localtime required more than 50 (75) bind mounts
WARNING: underlay of /usr/bin/nvidia-smi required more than 50 (309) bind mounts
Downloading https://data.pyg.org/datasets/qm9_v3.zip
Extracting /dataset/QM9/raw/qm9_v3.zip
Ep00 | Loss 1.516 Re 1.290 KL 1.024 (neg_w=40.0, l1=1e-03)
Ep01 | Loss 1.264 Re 1.019 KL 0.752 (neg_w=39.5, l1=1e-03)
Ep02 | Loss 1.274 Re 1.027 KL 0.457 (neg_w=39.0, l1=1e-03)
Ep03 | Loss 1.291 Re 1.045 KL 0.284 (neg_w=38.5, l1=1e-03)
Ep04 | Loss 1.305 Re 1.061 KL 0.178 (neg_w=38.0, l1=9e-04)
Ep05 | Loss 1.290 Re 1.047 KL 0.131 (neg_w=37.6, l1=9e-04)
Ep06 | Loss 1.278 Re 1.036 KL 0.101 (neg_w=37.1, l1=9e-04)
Ep07 | Loss 1.263 Re 1.021 KL 0.090 (neg_w=36.6, l1=9e-04)
Ep08 | Loss 1.245 Re 1.003 KL 0.088 (neg_w=36.1, l1=9e-04)
Ep09 | Loss 1.235 Re 0.992 KL 0.087 (neg_w=35.6, l1=9e-04)
Ep10 | Loss 1.225 Re 0.982 KL 0.083 (neg_w=35.1, l1=9e-04)
Ep11 | Loss 1.223 Re 0.979 KL 0.082 (neg_w=34.6, l1=9e-04)
Ep12 | Loss 1.213 Re 0.969 KL 0.081 (neg_w=34.1, l1=9e-04)
Ep13 | Loss 1.209 Re 0.964 KL 0.081 (neg_w=33.7, l1=8e-04)
Ep14 | Loss 1.200 Re 0.954 KL 0.080 (neg_w=33.2, l1=8e-04)
Ep15 | Loss 1.193 Re 0.947 KL 0.080 (neg_w=32.7, l1=8e-04)
Ep16 | Loss 1.186 Re 0.938 KL 0.083 (neg_w=32.2, l1=8e-04)
Ep17 | Loss 1.180 Re 0.931 KL 0.085 (neg_w=31.7, l1=8e-04)
Ep18 | Loss 1.176 Re 0.926 KL 0.088 (neg_w=31.2, l1=8e-04)
Ep19 | Loss 1.168 Re 0.917 KL 0.091 (neg_w=30.7, l1=8e-04)
Ep20 | Loss 1.165 Re 0.913 KL 0.095 (neg_w=30.2, l1=8e-04)
Ep21 | Loss 1.158 Re 0.906 KL 0.097 (neg_w=29.8, l1=7e-04)
Ep22 | Loss 1.152 Re 0.898 KL 0.099 (neg_w=29.3, l1=7e-04)
Ep23 | Loss 1.151 Re 0.896 KL 0.100 (neg_w=28.8, l1=7e-04)
Ep24 | Loss 1.151 Re 0.895 KL 0.101 (neg_w=28.3, l1=7e-04)
Ep25 | Loss 1.145 Re 0.888 KL 0.101 (neg_w=27.8, l1=7e-04)
Ep26 | Loss 1.146 Re 0.889 KL 0.100 (neg_w=27.3, l1=7e-04)
Ep27 | Loss 1.140 Re 0.883 KL 0.098 (neg_w=26.8, l1=7e-04)
Ep28 | Loss 1.135 Re 0.877 KL 0.098 (neg_w=26.4, l1=6e-04)
Ep29 | Loss 1.135 Re 0.877 KL 0.097 (neg_w=25.9, l1=6e-04)
Ep30 | Loss 1.134 Re 0.876 KL 0.093 (neg_w=25.4, l1=6e-04)
Ep31 | Loss 1.122 Re 0.866 KL 0.091 (neg_w=24.9, l1=6e-04)
Ep32 | Loss 1.120 Re 0.864 KL 0.089 (neg_w=24.4, l1=6e-04)
Ep33 | Loss 1.114 Re 0.859 KL 0.089 (neg_w=23.9, l1=6e-04)
Ep34 | Loss 1.112 Re 0.858 KL 0.085 (neg_w=23.4, l1=6e-04)
Ep35 | Loss 1.108 Re 0.853 KL 0.085 (neg_w=22.9, l1=6e-04)
Ep36 | Loss 1.103 Re 0.849 KL 0.083 (neg_w=22.4, l1=5e-04)
Ep37 | Loss 1.096 Re 0.843 KL 0.082 (neg_w=22.0, l1=5e-04)
Ep38 | Loss 1.091 Re 0.839 KL 0.081 (neg_w=21.5, l1=5e-04)
Ep39 | Loss 1.085 Re 0.835 KL 0.078 (neg_w=21.0, l1=5e-04)
Ep40 | Loss 1.080 Re 0.830 KL 0.078 (neg_w=20.5, l1=5e-04)
Ep41 | Loss 1.078 Re 0.829 KL 0.077 (neg_w=20.0, l1=5e-04)
Ep42 | Loss 1.070 Re 0.822 KL 0.076 (neg_w=19.5, l1=5e-04)
Ep43 | Loss 1.065 Re 0.817 KL 0.074 (neg_w=19.0, l1=5e-04)
Ep44 | Loss 1.058 Re 0.812 KL 0.074 (neg_w=18.6, l1=5e-04)
Ep45 | Loss 1.052 Re 0.807 KL 0.073 (neg_w=18.1, l1=4e-04)
Ep46 | Loss 1.047 Re 0.804 KL 0.073 (neg_w=17.6, l1=4e-04)
Ep47 | Loss 1.036 Re 0.795 KL 0.071 (neg_w=17.1, l1=4e-04)
Ep48 | Loss 1.036 Re 0.795 KL 0.072 (neg_w=16.6, l1=4e-04)
Ep49 | Loss 1.026 Re 0.787 KL 0.071 (neg_w=16.1, l1=4e-04)
Ep50 | Loss 1.023 Re 0.786 KL 0.069 (neg_w=15.6, l1=4e-04)
Ep51 | Loss 1.009 Re 0.775 KL 0.069 (neg_w=15.1, l1=4e-04)
Ep52 | Loss 1.001 Re 0.770 KL 0.066 (neg_w=14.6, l1=3e-04)
Ep53 | Loss 0.996 Re 0.767 KL 0.066 (neg_w=14.2, l1=3e-04)
Ep54 | Loss 0.988 Re 0.762 KL 0.065 (neg_w=13.7, l1=3e-04)
Ep55 | Loss 0.980 Re 0.756 KL 0.065 (neg_w=13.2, l1=3e-04)
Ep56 | Loss 0.972 Re 0.751 KL 0.064 (neg_w=12.7, l1=3e-04)
Ep57 | Loss 0.962 Re 0.745 KL 0.062 (neg_w=12.2, l1=3e-04)
Ep58 | Loss 0.952 Re 0.739 KL 0.061 (neg_w=11.7, l1=3e-04)
Ep59 | Loss 0.945 Re 0.736 KL 0.061 (neg_w=11.2, l1=3e-04)
Ep60 | Loss 0.932 Re 0.728 KL 0.059 (neg_w=10.8, l1=3e-04)
Ep61 | Loss 0.922 Re 0.723 KL 0.060 (neg_w=10.3, l1=2e-04)
Ep62 | Loss 0.908 Re 0.716 KL 0.058 (neg_w=9.8, l1=2e-04)
Ep63 | Loss 0.893 Re 0.707 KL 0.059 (neg_w=9.3, l1=2e-04)
Ep64 | Loss 0.881 Re 0.701 KL 0.059 (neg_w=8.8, l1=2e-04)
Ep65 | Loss 0.865 Re 0.692 KL 0.057 (neg_w=8.3, l1=2e-04)
Ep66 | Loss 0.849 Re 0.686 KL 0.057 (neg_w=7.8, l1=2e-04)
Ep67 | Loss 0.827 Re 0.673 KL 0.056 (neg_w=7.3, l1=2e-04)
Ep68 | Loss 0.809 Re 0.665 KL 0.056 (neg_w=6.9, l1=1e-04)
Ep69 | Loss 0.788 Re 0.654 KL 0.056 (neg_w=6.4, l1=1e-04)
Ep70 | Loss 0.767 Re 0.643 KL 0.055 (neg_w=5.9, l1=1e-04)
Ep71 | Loss 0.740 Re 0.627 KL 0.054 (neg_w=5.4, l1=1e-04)
Ep72 | Loss 0.714 Re 0.612 KL 0.053 (neg_w=4.9, l1=1e-04)
Ep73 | Loss 0.688 Re 0.595 KL 0.053 (neg_w=4.4, l1=9e-05)
Ep74 | Loss 0.653 Re 0.570 KL 0.051 (neg_w=3.9, l1=8e-05)
Ep75 | Loss 0.621 Re 0.546 KL 0.050 (neg_w=3.4, l1=6e-05)
Ep76 | Loss 0.585 Re 0.515 KL 0.050 (neg_w=3.0, l1=5e-05)
Ep77 | Loss 0.547 Re 0.482 KL 0.050 (neg_w=2.5, l1=4e-05)
Ep78 | Loss 0.507 Re 0.447 KL 0.050 (neg_w=2.0, l1=3e-05)
Ep79 | Loss 0.459 Re 0.404 KL 0.049 (neg_w=1.5, l1=1e-05)
✔ saved runs/graphvae_stable.pt
INFO:    Cleaning up image...
