INFO:    Converting SIF file to temporary sandbox...
WARNING: underlay of /etc/localtime required more than 50 (75) bind mounts
WARNING: underlay of /usr/bin/nvidia-smi required more than 50 (309) bind mounts
Device = cuda
Ep 00 | Loss 1.370 Re 1.206 KL 0.158 (neg_w=40.0, l1=1.0e-03, klw=1.00)
Ep 01 | Loss 0.843 Re 0.816 KL 0.021 (neg_w=39.3, l1=9.8e-04, klw=1.00)
Ep 02 | Loss 0.805 Re 0.797 KL 0.002 (neg_w=38.6, l1=9.6e-04, klw=1.00)
Ep 03 | Loss 0.800 Re 0.792 KL 0.003 (neg_w=37.9, l1=9.4e-04, klw=1.00)
Ep 04 | Loss 0.795 Re 0.786 KL 0.004 (neg_w=37.2, l1=9.2e-04, klw=1.00)
Ep 05 | Loss 0.790 Re 0.780 KL 0.005 (neg_w=36.5, l1=9.0e-04, klw=1.00)
Ep 06 | Loss 0.786 Re 0.776 KL 0.006 (neg_w=35.8, l1=8.9e-04, klw=1.00)
Ep 07 | Loss 0.784 Re 0.773 KL 0.006 (neg_w=35.1, l1=8.7e-04, klw=1.00)
Ep 08 | Loss 0.781 Re 0.769 KL 0.007 (neg_w=34.4, l1=8.5e-04, klw=1.00)
Ep 09 | Loss 0.777 Re 0.763 KL 0.009 (neg_w=33.7, l1=8.3e-04, klw=1.00)
Ep 10 | Loss 0.772 Re 0.756 KL 0.011 (neg_w=33.0, l1=8.1e-04, klw=1.00)
Ep 11 | Loss 0.767 Re 0.749 KL 0.014 (neg_w=32.3, l1=7.9e-04, klw=1.00)
Ep 12 | Loss 0.760 Re 0.739 KL 0.017 (neg_w=31.6, l1=7.7e-04, klw=1.00)
Ep 13 | Loss 0.751 Re 0.726 KL 0.020 (neg_w=30.9, l1=7.5e-04, klw=1.00)
Ep 14 | Loss 0.743 Re 0.716 KL 0.022 (neg_w=30.2, l1=7.3e-04, klw=1.00)
Ep 15 | Loss 0.739 Re 0.712 KL 0.023 (neg_w=29.5, l1=7.2e-04, klw=1.00)
Ep 16 | Loss 0.734 Re 0.706 KL 0.023 (neg_w=28.8, l1=7.0e-04, klw=1.00)
Ep 17 | Loss 0.729 Re 0.701 KL 0.024 (neg_w=28.1, l1=6.8e-04, klw=1.00)
Ep 18 | Loss 0.723 Re 0.695 KL 0.024 (neg_w=27.4, l1=6.6e-04, klw=1.00)
Ep 19 | Loss 0.717 Re 0.689 KL 0.025 (neg_w=26.7, l1=6.4e-04, klw=1.00)
Ep 20 | Loss 0.712 Re 0.683 KL 0.025 (neg_w=26.0, l1=6.2e-04, klw=1.00)
Ep 21 | Loss 0.708 Re 0.678 KL 0.026 (neg_w=25.3, l1=6.0e-04, klw=1.00)
Ep 22 | Loss 0.704 Re 0.673 KL 0.027 (neg_w=24.6, l1=5.8e-04, klw=1.00)
Ep 23 | Loss 0.701 Re 0.670 KL 0.028 (neg_w=23.9, l1=5.6e-04, klw=1.00)
Ep 24 | Loss 0.700 Re 0.668 KL 0.028 (neg_w=23.2, l1=5.4e-04, klw=1.00)
Ep 25 | Loss 0.695 Re 0.663 KL 0.029 (neg_w=22.5, l1=5.3e-04, klw=1.00)
Ep 26 | Loss 0.693 Re 0.659 KL 0.031 (neg_w=21.8, l1=5.1e-04, klw=1.00)
Ep 27 | Loss 0.690 Re 0.656 KL 0.032 (neg_w=21.1, l1=4.9e-04, klw=1.00)
Ep 28 | Loss 0.685 Re 0.650 KL 0.033 (neg_w=20.4, l1=4.7e-04, klw=1.00)
Ep 29 | Loss 0.680 Re 0.644 KL 0.034 (neg_w=19.7, l1=4.5e-04, klw=1.00)
Ep 30 | Loss 0.677 Re 0.640 KL 0.034 (neg_w=19.0, l1=4.3e-04, klw=1.00)
Ep 31 | Loss 0.672 Re 0.635 KL 0.034 (neg_w=18.3, l1=4.1e-04, klw=1.00)
Ep 32 | Loss 0.668 Re 0.631 KL 0.035 (neg_w=17.6, l1=3.9e-04, klw=1.00)
Ep 33 | Loss 0.664 Re 0.628 KL 0.035 (neg_w=16.9, l1=3.7e-04, klw=1.00)
Ep 34 | Loss 0.658 Re 0.622 KL 0.034 (neg_w=16.2, l1=3.5e-04, klw=1.00)
Ep 35 | Loss 0.654 Re 0.618 KL 0.034 (neg_w=15.5, l1=3.4e-04, klw=1.00)
Ep 36 | Loss 0.648 Re 0.611 KL 0.034 (neg_w=14.8, l1=3.2e-04, klw=1.00)
Ep 37 | Loss 0.643 Re 0.606 KL 0.035 (neg_w=14.1, l1=3.0e-04, klw=1.00)
Ep 38 | Loss 0.636 Re 0.599 KL 0.035 (neg_w=13.4, l1=2.8e-04, klw=1.00)
Ep 39 | Loss 0.628 Re 0.592 KL 0.035 (neg_w=12.7, l1=2.6e-04, klw=1.00)
Ep 40 | Loss 0.622 Re 0.585 KL 0.035 (neg_w=12.0, l1=2.4e-04, klw=1.00)
Ep 41 | Loss 0.616 Re 0.580 KL 0.034 (neg_w=11.3, l1=2.2e-04, klw=1.00)
Ep 42 | Loss 0.606 Re 0.570 KL 0.035 (neg_w=10.6, l1=2.0e-04, klw=1.00)
Ep 43 | Loss 0.598 Re 0.562 KL 0.035 (neg_w=9.9, l1=1.8e-04, klw=1.00)
Ep 44 | Loss 0.591 Re 0.554 KL 0.036 (neg_w=9.2, l1=1.6e-04, klw=1.00)
Ep 45 | Loss 0.580 Re 0.544 KL 0.035 (neg_w=8.5, l1=1.4e-04, klw=1.00)
Ep 46 | Loss 0.571 Re 0.535 KL 0.035 (neg_w=7.8, l1=1.3e-04, klw=1.00)
Ep 47 | Loss 0.559 Re 0.522 KL 0.036 (neg_w=7.1, l1=1.1e-04, klw=1.00)
Ep 48 | Loss 0.546 Re 0.509 KL 0.036 (neg_w=6.4, l1=8.8e-05, klw=1.00)
Ep 49 | Loss 0.533 Re 0.496 KL 0.036 (neg_w=5.7, l1=6.9e-05, klw=1.00)
✔ Saved to runs/graphvae_gpu_amp.pt
INFO:    Cleaning up image...
