INFO:    Converting SIF file to temporary sandbox...
WARNING: underlay of /etc/localtime required more than 50 (75) bind mounts
WARNING: underlay of /usr/bin/nvidia-smi required more than 50 (309) bind mounts
Device = cuda
Ep 00 | Loss 1.358 Re 1.204 KL 0.148 (neg_w=40.0, l1=1.0e-03, klw=1.00)
Ep 01 | Loss 0.842 Re 0.814 KL 0.023 (neg_w=39.3, l1=9.8e-04, klw=1.00)
Ep 02 | Loss 0.804 Re 0.795 KL 0.003 (neg_w=38.6, l1=9.6e-04, klw=1.00)
Ep 03 | Loss 0.798 Re 0.790 KL 0.003 (neg_w=37.9, l1=9.4e-04, klw=1.00)
Ep 04 | Loss 0.793 Re 0.784 KL 0.004 (neg_w=37.2, l1=9.2e-04, klw=1.00)
Ep 05 | Loss 0.787 Re 0.777 KL 0.005 (neg_w=36.5, l1=9.0e-04, klw=1.00)
Ep 06 | Loss 0.784 Re 0.773 KL 0.006 (neg_w=35.8, l1=8.9e-04, klw=1.00)
Ep 07 | Loss 0.782 Re 0.771 KL 0.006 (neg_w=35.1, l1=8.7e-04, klw=1.00)
Ep 08 | Loss 0.779 Re 0.766 KL 0.007 (neg_w=34.4, l1=8.5e-04, klw=1.00)
Ep 09 | Loss 0.774 Re 0.760 KL 0.009 (neg_w=33.7, l1=8.3e-04, klw=1.00)
Ep 10 | Loss 0.768 Re 0.752 KL 0.011 (neg_w=33.0, l1=8.1e-04, klw=1.00)
Ep 11 | Loss 0.762 Re 0.744 KL 0.013 (neg_w=32.3, l1=7.9e-04, klw=1.00)
Ep 12 | Loss 0.757 Re 0.737 KL 0.016 (neg_w=31.6, l1=7.7e-04, klw=1.00)
Ep 13 | Loss 0.749 Re 0.725 KL 0.019 (neg_w=30.9, l1=7.5e-04, klw=1.00)
Ep 14 | Loss 0.740 Re 0.714 KL 0.022 (neg_w=30.2, l1=7.3e-04, klw=1.00)
Ep 15 | Loss 0.735 Re 0.707 KL 0.023 (neg_w=29.5, l1=7.2e-04, klw=1.00)
Ep 16 | Loss 0.729 Re 0.701 KL 0.024 (neg_w=28.8, l1=7.0e-04, klw=1.00)
Ep 17 | Loss 0.724 Re 0.696 KL 0.024 (neg_w=28.1, l1=6.8e-04, klw=1.00)
Ep 18 | Loss 0.719 Re 0.691 KL 0.025 (neg_w=27.4, l1=6.6e-04, klw=1.00)
Ep 19 | Loss 0.715 Re 0.686 KL 0.025 (neg_w=26.7, l1=6.4e-04, klw=1.00)
Ep 20 | Loss 0.711 Re 0.682 KL 0.026 (neg_w=26.0, l1=6.2e-04, klw=1.00)
Ep 21 | Loss 0.708 Re 0.678 KL 0.026 (neg_w=25.3, l1=6.0e-04, klw=1.00)
Ep 22 | Loss 0.704 Re 0.674 KL 0.027 (neg_w=24.6, l1=5.8e-04, klw=1.00)
Ep 23 | Loss 0.701 Re 0.671 KL 0.027 (neg_w=23.9, l1=5.6e-04, klw=1.00)
Ep 24 | Loss 0.697 Re 0.667 KL 0.027 (neg_w=23.2, l1=5.4e-04, klw=1.00)
Ep 25 | Loss 0.694 Re 0.663 KL 0.028 (neg_w=22.5, l1=5.3e-04, klw=1.00)
Ep 26 | Loss 0.692 Re 0.661 KL 0.029 (neg_w=21.8, l1=5.1e-04, klw=1.00)
Ep 27 | Loss 0.689 Re 0.658 KL 0.029 (neg_w=21.1, l1=4.9e-04, klw=1.00)
Ep 28 | Loss 0.686 Re 0.653 KL 0.030 (neg_w=20.4, l1=4.7e-04, klw=1.00)
Ep 29 | Loss 0.682 Re 0.649 KL 0.031 (neg_w=19.7, l1=4.5e-04, klw=1.00)
Ep 30 | Loss 0.677 Re 0.643 KL 0.032 (neg_w=19.0, l1=4.3e-04, klw=1.00)
Ep 31 | Loss 0.672 Re 0.637 KL 0.032 (neg_w=18.3, l1=4.1e-04, klw=1.00)
Ep 32 | Loss 0.667 Re 0.631 KL 0.033 (neg_w=17.6, l1=3.9e-04, klw=1.00)
Ep 33 | Loss 0.663 Re 0.628 KL 0.033 (neg_w=16.9, l1=3.7e-04, klw=1.00)
Ep 34 | Loss 0.658 Re 0.623 KL 0.033 (neg_w=16.2, l1=3.5e-04, klw=1.00)
Ep 35 | Loss 0.653 Re 0.617 KL 0.034 (neg_w=15.5, l1=3.4e-04, klw=1.00)
Ep 36 | Loss 0.647 Re 0.612 KL 0.033 (neg_w=14.8, l1=3.2e-04, klw=1.00)
Ep 37 | Loss 0.641 Re 0.606 KL 0.033 (neg_w=14.1, l1=3.0e-04, klw=1.00)
Ep 38 | Loss 0.633 Re 0.598 KL 0.034 (neg_w=13.4, l1=2.8e-04, klw=1.00)
Ep 39 | Loss 0.627 Re 0.592 KL 0.033 (neg_w=12.7, l1=2.6e-04, klw=1.00)
Ep 40 | Loss 0.622 Re 0.586 KL 0.035 (neg_w=12.0, l1=2.4e-04, klw=1.00)
Ep 41 | Loss 0.614 Re 0.579 KL 0.034 (neg_w=11.3, l1=2.2e-04, klw=1.00)
Ep 42 | Loss 0.606 Re 0.571 KL 0.035 (neg_w=10.6, l1=2.0e-04, klw=1.00)
Ep 43 | Loss 0.597 Re 0.561 KL 0.035 (neg_w=9.9, l1=1.8e-04, klw=1.00)
Ep 44 | Loss 0.589 Re 0.554 KL 0.035 (neg_w=9.2, l1=1.6e-04, klw=1.00)
Ep 45 | Loss 0.579 Re 0.542 KL 0.036 (neg_w=8.5, l1=1.4e-04, klw=1.00)
Ep 46 | Loss 0.568 Re 0.531 KL 0.036 (neg_w=7.8, l1=1.3e-04, klw=1.00)
Ep 47 | Loss 0.558 Re 0.521 KL 0.036 (neg_w=7.1, l1=1.1e-04, klw=1.00)
Ep 48 | Loss 0.546 Re 0.510 KL 0.036 (neg_w=6.4, l1=8.8e-05, klw=1.00)
Ep 49 | Loss 0.531 Re 0.494 KL 0.036 (neg_w=5.7, l1=6.9e-05, klw=1.00)
✔ Saved to runs/graphvae_gpu_amp.pt
INFO:    Cleaning up image...
